
*** Running vivado
    with args -log Board.vdi -applog -m64 -product Vivado -messageDb vivado.pb -mode batch -source Board.tcl -notrace



****** Vivado v2022.1 (64-bit)
  **** SW Build 3526262 on Mon Apr 18 15:48:16 MDT 2022
  **** IP Build 3524634 on Mon Apr 18 20:55:01 MDT 2022
    ** Copyright 1986-2022 Xilinx, Inc. All Rights Reserved.

source Board.tcl -notrace
Command: link_design -top Board -part xc7a35ticpg236-1L
Design is defaulting to srcset: sources_1
Design is defaulting to constrset: constrs_1
INFO: [Device 21-403] Loading part xc7a35ticpg236-1L
Netlist sorting complete. Time (s): cpu = 00:00:00 ; elapsed = 00:00:00.019 . Memory (MB): peak = 1294.180 ; gain = 0.000
INFO: [Netlist 29-17] Analyzing 437 Unisim elements for replacement
INFO: [Netlist 29-28] Unisim Transformation completed in 0 CPU seconds
INFO: [Project 1-479] Netlist was created with Vivado 2022.1
INFO: [Project 1-570] Preparing netlist for logic optimization
Parsing XDC File [C:/Users/frezy/OneDrive/桌面/Basys3_Master.xdc]
WARNING: [Vivado 12-584] No ports matched 'seg[0]'. [C:/Users/frezy/OneDrive/桌面/Basys3_Master.xdc:82]
CRITICAL WARNING: [Common 17-55] 'set_property' expects at least one object. [C:/Users/frezy/OneDrive/桌面/Basys3_Master.xdc:82]
Resolution: If [get_<value>] was used to populate the object, check to make sure this command returns at least one valid object.
WARNING: [Vivado 12-584] No ports matched 'seg[0]'. [C:/Users/frezy/OneDrive/桌面/Basys3_Master.xdc:83]
CRITICAL WARNING: [Common 17-55] 'set_property' expects at least one object. [C:/Users/frezy/OneDrive/桌面/Basys3_Master.xdc:83]
Resolution: If [get_<value>] was used to populate the object, check to make sure this command returns at least one valid object.
WARNING: [Vivado 12-584] No ports matched 'seg[1]'. [C:/Users/frezy/OneDrive/桌面/Basys3_Master.xdc:84]
CRITICAL WARNING: [Common 17-55] 'set_property' expects at least one object. [C:/Users/frezy/OneDrive/桌面/Basys3_Master.xdc:84]
Resolution: If [get_<value>] was used to populate the object, check to make sure this command returns at least one valid object.
WARNING: [Vivado 12-584] No ports matched 'seg[1]'. [C:/Users/frezy/OneDrive/桌面/Basys3_Master.xdc:85]
CRITICAL WARNING: [Common 17-55] 'set_property' expects at least one object. [C:/Users/frezy/OneDrive/桌面/Basys3_Master.xdc:85]
Resolution: If [get_<value>] was used to populate the object, check to make sure this command returns at least one valid object.
WARNING: [Vivado 12-584] No ports matched 'seg[2]'. [C:/Users/frezy/OneDrive/桌面/Basys3_Master.xdc:86]
CRITICAL WARNING: [Common 17-55] 'set_property' expects at least one object. [C:/Users/frezy/OneDrive/桌面/Basys3_Master.xdc:86]
Resolution: If [get_<value>] was used to populate the object, check to make sure this command returns at least one valid object.
WARNING: [Vivado 12-584] No ports matched 'seg[2]'. [C:/Users/frezy/OneDrive/桌面/Basys3_Master.xdc:87]
CRITICAL WARNING: [Common 17-55] 'set_property' expects at least one object. [C:/Users/frezy/OneDrive/桌面/Basys3_Master.xdc:87]
Resolution: If [get_<value>] was used to populate the object, check to make sure this command returns at least one valid object.
WARNING: [Vivado 12-584] No ports matched 'seg[3]'. [C:/Users/frezy/OneDrive/桌面/Basys3_Master.xdc:88]
CRITICAL WARNING: [Common 17-55] 'set_property' expects at least one object. [C:/Users/frezy/OneDrive/桌面/Basys3_Master.xdc:88]
Resolution: If [get_<value>] was used to populate the object, check to make sure this command returns at least one valid object.
WARNING: [Vivado 12-584] No ports matched 'seg[3]'. [C:/Users/frezy/OneDrive/桌面/Basys3_Master.xdc:89]
CRITICAL WARNING: [Common 17-55] 'set_property' expects at least one object. [C:/Users/frezy/OneDrive/桌面/Basys3_Master.xdc:89]
Resolution: If [get_<value>] was used to populate the object, check to make sure this command returns at least one valid object.
WARNING: [Vivado 12-584] No ports matched 'seg[4]'. [C:/Users/frezy/OneDrive/桌面/Basys3_Master.xdc:90]
CRITICAL WARNING: [Common 17-55] 'set_property' expects at least one object. [C:/Users/frezy/OneDrive/桌面/Basys3_Master.xdc:90]
Resolution: If [get_<value>] was used to populate the object, check to make sure this command returns at least one valid object.
WARNING: [Vivado 12-584] No ports matched 'seg[4]'. [C:/Users/frezy/OneDrive/桌面/Basys3_Master.xdc:91]
CRITICAL WARNING: [Common 17-55] 'set_property' expects at least one object. [C:/Users/frezy/OneDrive/桌面/Basys3_Master.xdc:91]
Resolution: If [get_<value>] was used to populate the object, check to make sure this command returns at least one valid object.
WARNING: [Vivado 12-584] No ports matched 'seg[5]'. [C:/Users/frezy/OneDrive/桌面/Basys3_Master.xdc:92]
CRITICAL WARNING: [Common 17-55] 'set_property' expects at least one object. [C:/Users/frezy/OneDrive/桌面/Basys3_Master.xdc:92]
Resolution: If [get_<value>] was used to populate the object, check to make sure this command returns at least one valid object.
WARNING: [Vivado 12-584] No ports matched 'seg[5]'. [C:/Users/frezy/OneDrive/桌面/Basys3_Master.xdc:93]
CRITICAL WARNING: [Common 17-55] 'set_property' expects at least one object. [C:/Users/frezy/OneDrive/桌面/Basys3_Master.xdc:93]
Resolution: If [get_<value>] was used to populate the object, check to make sure this command returns at least one valid object.
WARNING: [Vivado 12-584] No ports matched 'seg[6]'. [C:/Users/frezy/OneDrive/桌面/Basys3_Master.xdc:94]
CRITICAL WARNING: [Common 17-55] 'set_property' expects at least one object. [C:/Users/frezy/OneDrive/桌面/Basys3_Master.xdc:94]
Resolution: If [get_<value>] was used to populate the object, check to make sure this command returns at least one valid object.
WARNING: [Vivado 12-584] No ports matched 'seg[6]'. [C:/Users/frezy/OneDrive/桌面/Basys3_Master.xdc:95]
CRITICAL WARNING: [Common 17-55] 'set_property' expects at least one object. [C:/Users/frezy/OneDrive/桌面/Basys3_Master.xdc:95]
Resolution: If [get_<value>] was used to populate the object, check to make sure this command returns at least one valid object.
WARNING: [Vivado 12-584] No ports matched 'dp'. [C:/Users/frezy/OneDrive/桌面/Basys3_Master.xdc:97]
CRITICAL WARNING: [Common 17-55] 'set_property' expects at least one object. [C:/Users/frezy/OneDrive/桌面/Basys3_Master.xdc:97]
Resolution: If [get_<value>] was used to populate the object, check to make sure this command returns at least one valid object.
WARNING: [Vivado 12-584] No ports matched 'dp'. [C:/Users/frezy/OneDrive/桌面/Basys3_Master.xdc:98]
CRITICAL WARNING: [Common 17-55] 'set_property' expects at least one object. [C:/Users/frezy/OneDrive/桌面/Basys3_Master.xdc:98]
Resolution: If [get_<value>] was used to populate the object, check to make sure this command returns at least one valid object.
WARNING: [Vivado 12-584] No ports matched 'an[0]'. [C:/Users/frezy/OneDrive/桌面/Basys3_Master.xdc:100]
CRITICAL WARNING: [Common 17-55] 'set_property' expects at least one object. [C:/Users/frezy/OneDrive/桌面/Basys3_Master.xdc:100]
Resolution: If [get_<value>] was used to populate the object, check to make sure this command returns at least one valid object.
WARNING: [Vivado 12-584] No ports matched 'an[0]'. [C:/Users/frezy/OneDrive/桌面/Basys3_Master.xdc:101]
CRITICAL WARNING: [Common 17-55] 'set_property' expects at least one object. [C:/Users/frezy/OneDrive/桌面/Basys3_Master.xdc:101]
Resolution: If [get_<value>] was used to populate the object, check to make sure this command returns at least one valid object.
WARNING: [Vivado 12-584] No ports matched 'an[1]'. [C:/Users/frezy/OneDrive/桌面/Basys3_Master.xdc:102]
CRITICAL WARNING: [Common 17-55] 'set_property' expects at least one object. [C:/Users/frezy/OneDrive/桌面/Basys3_Master.xdc:102]
Resolution: If [get_<value>] was used to populate the object, check to make sure this command returns at least one valid object.
WARNING: [Vivado 12-584] No ports matched 'an[1]'. [C:/Users/frezy/OneDrive/桌面/Basys3_Master.xdc:103]
CRITICAL WARNING: [Common 17-55] 'set_property' expects at least one object. [C:/Users/frezy/OneDrive/桌面/Basys3_Master.xdc:103]
Resolution: If [get_<value>] was used to populate the object, check to make sure this command returns at least one valid object.
WARNING: [Vivado 12-584] No ports matched 'an[2]'. [C:/Users/frezy/OneDrive/桌面/Basys3_Master.xdc:104]
CRITICAL WARNING: [Common 17-55] 'set_property' expects at least one object. [C:/Users/frezy/OneDrive/桌面/Basys3_Master.xdc:104]
Resolution: If [get_<value>] was used to populate the object, check to make sure this command returns at least one valid object.
WARNING: [Vivado 12-584] No ports matched 'an[2]'. [C:/Users/frezy/OneDrive/桌面/Basys3_Master.xdc:105]
CRITICAL WARNING: [Common 17-55] 'set_property' expects at least one object. [C:/Users/frezy/OneDrive/桌面/Basys3_Master.xdc:105]
Resolution: If [get_<value>] was used to populate the object, check to make sure this command returns at least one valid object.
WARNING: [Vivado 12-584] No ports matched 'an[3]'. [C:/Users/frezy/OneDrive/桌面/Basys3_Master.xdc:106]
CRITICAL WARNING: [Common 17-55] 'set_property' expects at least one object. [C:/Users/frezy/OneDrive/桌面/Basys3_Master.xdc:106]
Resolution: If [get_<value>] was used to populate the object, check to make sure this command returns at least one valid object.
WARNING: [Vivado 12-584] No ports matched 'an[3]'. [C:/Users/frezy/OneDrive/桌面/Basys3_Master.xdc:107]
CRITICAL WARNING: [Common 17-55] 'set_property' expects at least one object. [C:/Users/frezy/OneDrive/桌面/Basys3_Master.xdc:107]
Resolution: If [get_<value>] was used to populate the object, check to make sure this command returns at least one valid object.
WARNING: [Vivado 12-584] No ports matched 'vauxp6'. [C:/Users/frezy/OneDrive/桌面/Basys3_Master.xdc:209]
CRITICAL WARNING: [Common 17-55] 'set_property' expects at least one object. [C:/Users/frezy/OneDrive/桌面/Basys3_Master.xdc:209]
Resolution: If [get_<value>] was used to populate the object, check to make sure this command returns at least one valid object.
WARNING: [Vivado 12-584] No ports matched 'vauxp6'. [C:/Users/frezy/OneDrive/桌面/Basys3_Master.xdc:210]
CRITICAL WARNING: [Common 17-55] 'set_property' expects at least one object. [C:/Users/frezy/OneDrive/桌面/Basys3_Master.xdc:210]
Resolution: If [get_<value>] was used to populate the object, check to make sure this command returns at least one valid object.
WARNING: [Vivado 12-584] No ports matched 'vauxp14'. [C:/Users/frezy/OneDrive/桌面/Basys3_Master.xdc:212]
CRITICAL WARNING: [Common 17-55] 'set_property' expects at least one object. [C:/Users/frezy/OneDrive/桌面/Basys3_Master.xdc:212]
Resolution: If [get_<value>] was used to populate the object, check to make sure this command returns at least one valid object.
WARNING: [Vivado 12-584] No ports matched 'vauxp14'. [C:/Users/frezy/OneDrive/桌面/Basys3_Master.xdc:213]
CRITICAL WARNING: [Common 17-55] 'set_property' expects at least one object. [C:/Users/frezy/OneDrive/桌面/Basys3_Master.xdc:213]
Resolution: If [get_<value>] was used to populate the object, check to make sure this command returns at least one valid object.
WARNING: [Vivado 12-584] No ports matched 'vauxp7'. [C:/Users/frezy/OneDrive/桌面/Basys3_Master.xdc:215]
CRITICAL WARNING: [Common 17-55] 'set_property' expects at least one object. [C:/Users/frezy/OneDrive/桌面/Basys3_Master.xdc:215]
Resolution: If [get_<value>] was used to populate the object, check to make sure this command returns at least one valid object.
WARNING: [Vivado 12-584] No ports matched 'vauxp7'. [C:/Users/frezy/OneDrive/桌面/Basys3_Master.xdc:216]
CRITICAL WARNING: [Common 17-55] 'set_property' expects at least one object. [C:/Users/frezy/OneDrive/桌面/Basys3_Master.xdc:216]
Resolution: If [get_<value>] was used to populate the object, check to make sure this command returns at least one valid object.
WARNING: [Vivado 12-584] No ports matched 'vauxp15'. [C:/Users/frezy/OneDrive/桌面/Basys3_Master.xdc:218]
CRITICAL WARNING: [Common 17-55] 'set_property' expects at least one object. [C:/Users/frezy/OneDrive/桌面/Basys3_Master.xdc:218]
Resolution: If [get_<value>] was used to populate the object, check to make sure this command returns at least one valid object.
WARNING: [Vivado 12-584] No ports matched 'vauxp15'. [C:/Users/frezy/OneDrive/桌面/Basys3_Master.xdc:219]
CRITICAL WARNING: [Common 17-55] 'set_property' expects at least one object. [C:/Users/frezy/OneDrive/桌面/Basys3_Master.xdc:219]
Resolution: If [get_<value>] was used to populate the object, check to make sure this command returns at least one valid object.
WARNING: [Vivado 12-584] No ports matched 'vauxn6'. [C:/Users/frezy/OneDrive/桌面/Basys3_Master.xdc:221]
CRITICAL WARNING: [Common 17-55] 'set_property' expects at least one object. [C:/Users/frezy/OneDrive/桌面/Basys3_Master.xdc:221]
Resolution: If [get_<value>] was used to populate the object, check to make sure this command returns at least one valid object.
WARNING: [Vivado 12-584] No ports matched 'vauxn6'. [C:/Users/frezy/OneDrive/桌面/Basys3_Master.xdc:222]
CRITICAL WARNING: [Common 17-55] 'set_property' expects at least one object. [C:/Users/frezy/OneDrive/桌面/Basys3_Master.xdc:222]
Resolution: If [get_<value>] was used to populate the object, check to make sure this command returns at least one valid object.
WARNING: [Vivado 12-584] No ports matched 'vauxn14'. [C:/Users/frezy/OneDrive/桌面/Basys3_Master.xdc:224]
CRITICAL WARNING: [Common 17-55] 'set_property' expects at least one object. [C:/Users/frezy/OneDrive/桌面/Basys3_Master.xdc:224]
Resolution: If [get_<value>] was used to populate the object, check to make sure this command returns at least one valid object.
WARNING: [Vivado 12-584] No ports matched 'vauxn14'. [C:/Users/frezy/OneDrive/桌面/Basys3_Master.xdc:225]
CRITICAL WARNING: [Common 17-55] 'set_property' expects at least one object. [C:/Users/frezy/OneDrive/桌面/Basys3_Master.xdc:225]
Resolution: If [get_<value>] was used to populate the object, check to make sure this command returns at least one valid object.
WARNING: [Vivado 12-584] No ports matched 'vauxn7'. [C:/Users/frezy/OneDrive/桌面/Basys3_Master.xdc:227]
CRITICAL WARNING: [Common 17-55] 'set_property' expects at least one object. [C:/Users/frezy/OneDrive/桌面/Basys3_Master.xdc:227]
Resolution: If [get_<value>] was used to populate the object, check to make sure this command returns at least one valid object.
WARNING: [Vivado 12-584] No ports matched 'vauxn7'. [C:/Users/frezy/OneDrive/桌面/Basys3_Master.xdc:228]
CRITICAL WARNING: [Common 17-55] 'set_property' expects at least one object. [C:/Users/frezy/OneDrive/桌面/Basys3_Master.xdc:228]
Resolution: If [get_<value>] was used to populate the object, check to make sure this command returns at least one valid object.
WARNING: [Vivado 12-584] No ports matched 'vauxn15'. [C:/Users/frezy/OneDrive/桌面/Basys3_Master.xdc:230]
CRITICAL WARNING: [Common 17-55] 'set_property' expects at least one object. [C:/Users/frezy/OneDrive/桌面/Basys3_Master.xdc:230]
Resolution: If [get_<value>] was used to populate the object, check to make sure this command returns at least one valid object.
WARNING: [Vivado 12-584] No ports matched 'vauxn15'. [C:/Users/frezy/OneDrive/桌面/Basys3_Master.xdc:231]
CRITICAL WARNING: [Common 17-55] 'set_property' expects at least one object. [C:/Users/frezy/OneDrive/桌面/Basys3_Master.xdc:231]
Resolution: If [get_<value>] was used to populate the object, check to make sure this command returns at least one valid object.
Finished Parsing XDC File [C:/Users/frezy/OneDrive/桌面/Basys3_Master.xdc]
INFO: [Opt 31-138] Pushed 0 inverter(s) to 0 load pin(s).
Netlist sorting complete. Time (s): cpu = 00:00:00 ; elapsed = 00:00:00.001 . Memory (MB): peak = 1294.180 ; gain = 0.000
INFO: [Project 1-111] Unisim Transformation Summary:
  A total of 128 instances were transformed.
  RAM256X1S => RAM256X1S (MUXF7(x2), MUXF8, RAMS64E(x4)): 128 instances

7 Infos, 40 Warnings, 40 Critical Warnings and 0 Errors encountered.
link_design completed successfully
INFO: [Common 17-600] The following parameters have non-default value.
general.maxThreads
Command: opt_design
Attempting to get a license for feature 'Implementation' and/or device 'xc7a35ti'
INFO: [Common 17-349] Got license for feature 'Implementation' and/or device 'xc7a35ti'
Running DRC as a precondition to command opt_design

Starting DRC Task
INFO: [DRC 23-27] Running DRC with 8 threads
INFO: [Project 1-461] DRC finished with 0 Errors
INFO: [Project 1-462] Please refer to the DRC report (report_drc) for more information.

Time (s): cpu = 00:00:01 ; elapsed = 00:00:00.734 . Memory (MB): peak = 1294.180 ; gain = 0.000

Starting Cache Timing Information Task
INFO: [Timing 38-35] Done setting XDC timing constraints.
Ending Cache Timing Information Task | Checksum: 15792379b

Time (s): cpu = 00:00:05 ; elapsed = 00:00:05 . Memory (MB): peak = 1452.125 ; gain = 157.945

Starting Logic Optimization Task

Phase 1 Retarget
INFO: [Opt 31-138] Pushed 0 inverter(s) to 0 load pin(s).
In IDDR TRANSFORM
INFO: [Opt 31-49] Retargeted 0 cell(s).
Phase 1 Retarget | Checksum: 15792379b

Time (s): cpu = 00:00:00 ; elapsed = 00:00:00.077 . Memory (MB): peak = 1768.594 ; gain = 0.012
INFO: [Opt 31-389] Phase Retarget created 0 cells and removed 0 cells

Phase 2 Constant propagation
INFO: [Opt 31-138] Pushed 0 inverter(s) to 0 load pin(s).
Phase 2 Constant propagation | Checksum: f0c044c9

Time (s): cpu = 00:00:00 ; elapsed = 00:00:00.093 . Memory (MB): peak = 1768.594 ; gain = 0.012
INFO: [Opt 31-389] Phase Constant propagation created 0 cells and removed 0 cells

Phase 3 Sweep
Phase 3 Sweep | Checksum: ae1a5f8d

Time (s): cpu = 00:00:00 ; elapsed = 00:00:00.142 . Memory (MB): peak = 1768.594 ; gain = 0.012
INFO: [Opt 31-389] Phase Sweep created 11 cells and removed 0 cells

Phase 4 BUFG optimization
Phase 4 BUFG optimization | Checksum: ae1a5f8d

Time (s): cpu = 00:00:01 ; elapsed = 00:00:00.187 . Memory (MB): peak = 1768.594 ; gain = 0.012
INFO: [Opt 31-662] Phase BUFG optimization created 0 cells of which 0 are BUFGs and removed 0 cells.

Phase 5 Shift Register Optimization
INFO: [Opt 31-1064] SRL Remap converted 0 SRLs to 0 registers and converted 0 registers of register chains to 0 SRLs
Phase 5 Shift Register Optimization | Checksum: ae1a5f8d

Time (s): cpu = 00:00:01 ; elapsed = 00:00:00.193 . Memory (MB): peak = 1768.594 ; gain = 0.012
INFO: [Opt 31-389] Phase Shift Register Optimization created 0 cells and removed 0 cells

Phase 6 Post Processing Netlist
Phase 6 Post Processing Netlist | Checksum: ed1dfcd9

Time (s): cpu = 00:00:01 ; elapsed = 00:00:00.202 . Memory (MB): peak = 1768.594 ; gain = 0.012
INFO: [Opt 31-389] Phase Post Processing Netlist created 0 cells and removed 0 cells
Opt_design Change Summary
=========================


-------------------------------------------------------------------------------------------------------------------------
|  Phase                        |  #Cells created  |  #Cells Removed  |  #Constrained objects preventing optimizations  |
-------------------------------------------------------------------------------------------------------------------------
|  Retarget                     |               0  |               0  |                                              0  |
|  Constant propagation         |               0  |               0  |                                              0  |
|  Sweep                        |              11  |               0  |                                              0  |
|  BUFG optimization            |               0  |               0  |                                              0  |
|  Shift Register Optimization  |               0  |               0  |                                              0  |
|  Post Processing Netlist      |               0  |               0  |                                              0  |
-------------------------------------------------------------------------------------------------------------------------



Starting Connectivity Check Task

Time (s): cpu = 00:00:00 ; elapsed = 00:00:00.005 . Memory (MB): peak = 1768.594 ; gain = 0.000
Ending Logic Optimization Task | Checksum: 14a3eeb04

Time (s): cpu = 00:00:01 ; elapsed = 00:00:00.238 . Memory (MB): peak = 1768.594 ; gain = 0.012

Starting Power Optimization Task
INFO: [Pwropt 34-132] Skipping clock gating for clocks with a period < 2.00 ns.
INFO: [Timing 38-35] Done setting XDC timing constraints.
Running Vector-less Activity Propagation...
INFO: [Pwropt 34-9] Applying IDT optimizations ...
INFO: [Pwropt 34-10] Applying ODC optimizations ...

Finished Running Vector-less Activity Propagation


Starting PowerOpt Patch Enables Task
INFO: [Pwropt 34-162] WRITE_MODE attribute of 0 BRAM(s) out of a total of 1 has been updated to save power. Run report_power_opt to get a complete listing of the BRAMs updated.
INFO: [Pwropt 34-201] Structural ODC has moved 0 WE to EN ports
Number of BRAM Ports augmented: 0 newly gated: 0 Total Ports: 2
Ending PowerOpt Patch Enables Task | Checksum: 14a3eeb04

Time (s): cpu = 00:00:00 ; elapsed = 00:00:00.017 . Memory (MB): peak = 1960.203 ; gain = 0.000
Ending Power Optimization Task | Checksum: 14a3eeb04

Time (s): cpu = 00:00:01 ; elapsed = 00:00:00.879 . Memory (MB): peak = 1960.203 ; gain = 191.609

Starting Final Cleanup Task
Ending Final Cleanup Task | Checksum: 14a3eeb04

Time (s): cpu = 00:00:00 ; elapsed = 00:00:00.001 . Memory (MB): peak = 1960.203 ; gain = 0.000

Starting Netlist Obfuscation Task
Netlist sorting complete. Time (s): cpu = 00:00:00 ; elapsed = 00:00:00.001 . Memory (MB): peak = 1960.203 ; gain = 0.000
Ending Netlist Obfuscation Task | Checksum: 14a3eeb04

Time (s): cpu = 00:00:00 ; elapsed = 00:00:00.001 . Memory (MB): peak = 1960.203 ; gain = 0.000
INFO: [Common 17-83] Releasing license: Implementation
30 Infos, 40 Warnings, 40 Critical Warnings and 0 Errors encountered.
opt_design completed successfully
opt_design: Time (s): cpu = 00:00:10 ; elapsed = 00:00:10 . Memory (MB): peak = 1960.203 ; gain = 666.023
INFO: [Common 17-600] The following parameters have non-default value.
general.maxThreads
INFO: [Timing 38-480] Writing timing data to binary archive.
Writing XDEF routing.
Writing XDEF routing logical nets.
Writing XDEF routing special nets.
Write XDEF Complete: Time (s): cpu = 00:00:00 ; elapsed = 00:00:00.028 . Memory (MB): peak = 1960.203 ; gain = 0.000
INFO: [Common 17-1381] The checkpoint 'C:/Users/frezy/NYU-6463-RV32I_Processor_Design/final_project/final_project.runs/impl_1/Board_opt.dcp' has been generated.
INFO: [runtcl-4] Executing : report_drc -file Board_drc_opted.rpt -pb Board_drc_opted.pb -rpx Board_drc_opted.rpx
Command: report_drc -file Board_drc_opted.rpt -pb Board_drc_opted.pb -rpx Board_drc_opted.rpx
INFO: [IP_Flow 19-234] Refreshing IP repositories
INFO: [IP_Flow 19-1704] No user IP repositories specified
INFO: [IP_Flow 19-2313] Loaded Vivado IP repository 'C:/Xilinx/Vivado/2022.1/data/ip'.
INFO: [Timing 38-35] Done setting XDC timing constraints.
INFO: [DRC 23-27] Running DRC with 8 threads
INFO: [Vivado_Tcl 2-168] The results of DRC are in file C:/Users/frezy/NYU-6463-RV32I_Processor_Design/final_project/final_project.runs/impl_1/Board_drc_opted.rpt.
report_drc completed successfully
Command: place_design
Attempting to get a license for feature 'Implementation' and/or device 'xc7a35ti'
INFO: [Common 17-349] Got license for feature 'Implementation' and/or device 'xc7a35ti'
INFO: [DRC 23-27] Running DRC with 8 threads
INFO: [Vivado_Tcl 4-198] DRC finished with 0 Errors
INFO: [Vivado_Tcl 4-199] Please refer to the DRC report (report_drc) for more information.
Running DRC as a precondition to command place_design
INFO: [DRC 23-27] Running DRC with 8 threads
INFO: [Vivado_Tcl 4-198] DRC finished with 0 Errors, 21 Warnings
INFO: [Vivado_Tcl 4-199] Please refer to the DRC report (report_drc) for more information.

Starting Placer Task
INFO: [Place 30-611] Multithreading enabled for place_design using a maximum of 8 CPUs

Phase 1 Placer Initialization

Phase 1.1 Placer Initialization Netlist Sorting
Netlist sorting complete. Time (s): cpu = 00:00:00 ; elapsed = 00:00:00.001 . Memory (MB): peak = 1960.203 ; gain = 0.000
Phase 1.1 Placer Initialization Netlist Sorting | Checksum: 4d42586d

Time (s): cpu = 00:00:00 ; elapsed = 00:00:00.005 . Memory (MB): peak = 1960.203 ; gain = 0.000
Netlist sorting complete. Time (s): cpu = 00:00:00 ; elapsed = 00:00:00 . Memory (MB): peak = 1960.203 ; gain = 0.000

Phase 1.2 IO Placement/ Clock Placement/ Build Placer Device
WARNING: [Place 30-87] Partially locked IO Bus is found. Following components of the IO Bus sw are not locked:  'sw[15]'  'sw[14]'  'sw[13]'  'sw[12]'  'sw[11]'  'sw[10]'  'sw[9]'  'sw[8]'  'sw[7]'  'sw[6]'  'sw[5]'  'sw[4]'  'sw[3]'  'sw[2]' 
Phase 1.2 IO Placement/ Clock Placement/ Build Placer Device | Checksum: a5125a7c

Time (s): cpu = 00:00:00 ; elapsed = 00:00:00.330 . Memory (MB): peak = 1960.203 ; gain = 0.000

Phase 1.3 Build Placer Netlist Model
Phase 1.3 Build Placer Netlist Model | Checksum: 1608de75b

Time (s): cpu = 00:00:01 ; elapsed = 00:00:00.918 . Memory (MB): peak = 1960.203 ; gain = 0.000

Phase 1.4 Constrain Clocks/Macros
Phase 1.4 Constrain Clocks/Macros | Checksum: 1608de75b

Time (s): cpu = 00:00:01 ; elapsed = 00:00:00.924 . Memory (MB): peak = 1960.203 ; gain = 0.000
Phase 1 Placer Initialization | Checksum: 1608de75b

Time (s): cpu = 00:00:01 ; elapsed = 00:00:00.932 . Memory (MB): peak = 1960.203 ; gain = 0.000

Phase 2 Global Placement

Phase 2.1 Floorplanning
Phase 2.1 Floorplanning | Checksum: 183158470

Time (s): cpu = 00:00:01 ; elapsed = 00:00:01 . Memory (MB): peak = 1960.203 ; gain = 0.000

Phase 2.2 Update Timing before SLR Path Opt
Phase 2.2 Update Timing before SLR Path Opt | Checksum: 19266008c

Time (s): cpu = 00:00:01 ; elapsed = 00:00:01 . Memory (MB): peak = 1960.203 ; gain = 0.000

Phase 2.3 Post-Processing in Floorplanning
Phase 2.3 Post-Processing in Floorplanning | Checksum: 19266008c

Time (s): cpu = 00:00:01 ; elapsed = 00:00:01 . Memory (MB): peak = 1960.203 ; gain = 0.000

Phase 2.4 Global Placement Core

Phase 2.4.1 Physical Synthesis In Placer
INFO: [Physopt 32-1035] Found 0 LUTNM shape to break, 10 LUT instances to create LUTNM shape
INFO: [Physopt 32-1044] Break lutnm for timing: one critical 0, two critical 0, total 0, new lutff created 0
INFO: [Physopt 32-1138] End 1 Pass. Optimized 5 nets or LUTs. Breaked 0 LUT, combined 5 existing LUTs and moved 0 existing LUT
INFO: [Physopt 32-65] No nets found for high-fanout optimization.
INFO: [Physopt 32-232] Optimized 0 net. Created 0 new instance.
INFO: [Physopt 32-775] End 1 Pass. Optimized 0 net or cell. Created 0 new cell, deleted 0 existing cell and moved 0 existing cell
INFO: [Physopt 32-670] No setup violation found.  DSP Register Optimization was not performed.
INFO: [Physopt 32-670] No setup violation found.  Shift Register to Pipeline Optimization was not performed.
INFO: [Physopt 32-670] No setup violation found.  Shift Register Optimization was not performed.
INFO: [Physopt 32-670] No setup violation found.  BRAM Register Optimization was not performed.
INFO: [Physopt 32-670] No setup violation found.  URAM Register Optimization was not performed.
INFO: [Physopt 32-949] No candidate nets found for dynamic/static region interface net replication
INFO: [Physopt 32-775] End 1 Pass. Optimized 0 net or cell. Created 0 new cell, deleted 0 existing cell and moved 0 existing cell
Netlist sorting complete. Time (s): cpu = 00:00:00 ; elapsed = 00:00:00.002 . Memory (MB): peak = 1960.203 ; gain = 0.000

Summary of Physical Synthesis Optimizations
============================================


-----------------------------------------------------------------------------------------------------------------------------------------------------------
|  Optimization                                     |  Added Cells  |  Removed Cells  |  Optimized Cells/Nets  |  Dont Touch  |  Iterations  |  Elapsed   |
-----------------------------------------------------------------------------------------------------------------------------------------------------------
|  LUT Combining                                    |            0  |              5  |                     5  |           0  |           1  |  00:00:00  |
|  Retime                                           |            0  |              0  |                     0  |           0  |           1  |  00:00:00  |
|  Very High Fanout                                 |            0  |              0  |                     0  |           0  |           1  |  00:00:00  |
|  DSP Register                                     |            0  |              0  |                     0  |           0  |           0  |  00:00:00  |
|  Shift Register to Pipeline                       |            0  |              0  |                     0  |           0  |           0  |  00:00:00  |
|  Shift Register                                   |            0  |              0  |                     0  |           0  |           0  |  00:00:00  |
|  BRAM Register                                    |            0  |              0  |                     0  |           0  |           0  |  00:00:00  |
|  URAM Register                                    |            0  |              0  |                     0  |           0  |           0  |  00:00:00  |
|  Dynamic/Static Region Interface Net Replication  |            0  |              0  |                     0  |           0  |           1  |  00:00:00  |
|  Total                                            |            0  |              5  |                     5  |           0  |           4  |  00:00:00  |
-----------------------------------------------------------------------------------------------------------------------------------------------------------


Phase 2.4.1 Physical Synthesis In Placer | Checksum: 15d5a5207

Time (s): cpu = 00:00:06 ; elapsed = 00:00:09 . Memory (MB): peak = 1960.203 ; gain = 0.000
Phase 2.4 Global Placement Core | Checksum: f657b878

Time (s): cpu = 00:00:06 ; elapsed = 00:00:10 . Memory (MB): peak = 1960.203 ; gain = 0.000
Phase 2 Global Placement | Checksum: f657b878

Time (s): cpu = 00:00:06 ; elapsed = 00:00:10 . Memory (MB): peak = 1960.203 ; gain = 0.000

Phase 3 Detail Placement

Phase 3.1 Commit Multi Column Macros
Phase 3.1 Commit Multi Column Macros | Checksum: 156a53a93

Time (s): cpu = 00:00:06 ; elapsed = 00:00:10 . Memory (MB): peak = 1960.203 ; gain = 0.000

Phase 3.2 Commit Most Macros & LUTRAMs
Phase 3.2 Commit Most Macros & LUTRAMs | Checksum: 56fc76c3

Time (s): cpu = 00:00:06 ; elapsed = 00:00:10 . Memory (MB): peak = 1960.203 ; gain = 0.000

Phase 3.3 Area Swap Optimization
Phase 3.3 Area Swap Optimization | Checksum: 1143a7b42

Time (s): cpu = 00:00:06 ; elapsed = 00:00:10 . Memory (MB): peak = 1960.203 ; gain = 0.000

Phase 3.4 Pipeline Register Optimization
Phase 3.4 Pipeline Register Optimization | Checksum: 1293fb733

Time (s): cpu = 00:00:06 ; elapsed = 00:00:10 . Memory (MB): peak = 1960.203 ; gain = 0.000

Phase 3.5 Small Shape Detail Placement
Phase 3.5 Small Shape Detail Placement | Checksum: 1bc6449b7

Time (s): cpu = 00:00:07 ; elapsed = 00:00:11 . Memory (MB): peak = 1960.203 ; gain = 0.000

Phase 3.6 Re-assign LUT pins
Phase 3.6 Re-assign LUT pins | Checksum: d3c65177

Time (s): cpu = 00:00:07 ; elapsed = 00:00:12 . Memory (MB): peak = 1960.203 ; gain = 0.000

Phase 3.7 Pipeline Register Optimization
Phase 3.7 Pipeline Register Optimization | Checksum: e4a0156a

Time (s): cpu = 00:00:07 ; elapsed = 00:00:12 . Memory (MB): peak = 1960.203 ; gain = 0.000
Phase 3 Detail Placement | Checksum: e4a0156a

Time (s): cpu = 00:00:07 ; elapsed = 00:00:12 . Memory (MB): peak = 1960.203 ; gain = 0.000

Phase 4 Post Placement Optimization and Clean-Up

Phase 4.1 Post Commit Optimization
INFO: [Timing 38-35] Done setting XDC timing constraints.

Phase 4.1.1 Post Placement Optimization
Post Placement Optimization Initialization | Checksum: a47c1d8a

Phase 4.1.1.1 BUFG Insertion

Starting Physical Synthesis Task

Phase 1 Physical Synthesis Initialization
INFO: [Physopt 32-721] Multithreading enabled for phys_opt_design using a maximum of 8 CPUs
INFO: [Physopt 32-619] Estimated Timing Summary | WNS=6.767 | TNS=0.000 |
Phase 1 Physical Synthesis Initialization | Checksum: 1916598c7

Time (s): cpu = 00:00:01 ; elapsed = 00:00:00.042 . Memory (MB): peak = 1960.203 ; gain = 0.000
INFO: [Place 46-33] Processed net Head/RegisterFile/btnD, BUFG insertion was skipped due to placement/routing conflicts.
INFO: [Place 46-56] BUFG insertion identified 1 candidate nets. Inserted BUFG: 0, Replicated BUFG Driver: 0, Skipped due to Placement/Routing Conflicts: 1, Skipped due to Timing Degradation: 0, Skipped due to Illegal Netlist: 0.
Ending Physical Synthesis Task | Checksum: 12fb088b3

Time (s): cpu = 00:00:01 ; elapsed = 00:00:00.110 . Memory (MB): peak = 1960.203 ; gain = 0.000
Phase 4.1.1.1 BUFG Insertion | Checksum: a47c1d8a

Time (s): cpu = 00:00:08 ; elapsed = 00:00:12 . Memory (MB): peak = 1960.203 ; gain = 0.000

Phase 4.1.1.2 Post Placement Timing Optimization
INFO: [Place 30-746] Post Placement Timing Summary WNS=6.767. For the most accurate timing information please run report_timing.
Phase 4.1.1.2 Post Placement Timing Optimization | Checksum: 68b608e7

Time (s): cpu = 00:00:08 ; elapsed = 00:00:12 . Memory (MB): peak = 1960.203 ; gain = 0.000

Time (s): cpu = 00:00:08 ; elapsed = 00:00:12 . Memory (MB): peak = 1960.203 ; gain = 0.000
Phase 4.1 Post Commit Optimization | Checksum: 68b608e7

Time (s): cpu = 00:00:08 ; elapsed = 00:00:12 . Memory (MB): peak = 1960.203 ; gain = 0.000

Phase 4.2 Post Placement Cleanup
Phase 4.2 Post Placement Cleanup | Checksum: 68b608e7

Time (s): cpu = 00:00:08 ; elapsed = 00:00:12 . Memory (MB): peak = 1960.203 ; gain = 0.000

Phase 4.3 Placer Reporting

Phase 4.3.1 Print Estimated Congestion
INFO: [Place 30-612] Post-Placement Estimated Congestion 
 ____________________________________________________
|           | Global Congestion | Short Congestion  |
| Direction | Region Size       | Region Size       |
|___________|___________________|___________________|
|      North|                1x1|                1x1|
|___________|___________________|___________________|
|      South|                1x1|                1x1|
|___________|___________________|___________________|
|       East|                1x1|                1x1|
|___________|___________________|___________________|
|       West|                1x1|                1x1|
|___________|___________________|___________________|

Phase 4.3.1 Print Estimated Congestion | Checksum: 68b608e7

Time (s): cpu = 00:00:08 ; elapsed = 00:00:12 . Memory (MB): peak = 1960.203 ; gain = 0.000
Phase 4.3 Placer Reporting | Checksum: 68b608e7

Time (s): cpu = 00:00:08 ; elapsed = 00:00:12 . Memory (MB): peak = 1960.203 ; gain = 0.000

Phase 4.4 Final Placement Cleanup
Netlist sorting complete. Time (s): cpu = 00:00:00 ; elapsed = 00:00:00.003 . Memory (MB): peak = 1960.203 ; gain = 0.000

Time (s): cpu = 00:00:08 ; elapsed = 00:00:12 . Memory (MB): peak = 1960.203 ; gain = 0.000
Phase 4 Post Placement Optimization and Clean-Up | Checksum: 61641449

Time (s): cpu = 00:00:08 ; elapsed = 00:00:12 . Memory (MB): peak = 1960.203 ; gain = 0.000
Ending Placer Task | Checksum: 2b62017e

Time (s): cpu = 00:00:08 ; elapsed = 00:00:12 . Memory (MB): peak = 1960.203 ; gain = 0.000
INFO: [Common 17-83] Releasing license: Implementation
69 Infos, 41 Warnings, 40 Critical Warnings and 0 Errors encountered.
place_design completed successfully
place_design: Time (s): cpu = 00:00:09 ; elapsed = 00:00:13 . Memory (MB): peak = 1960.203 ; gain = 0.000
INFO: [Common 17-600] The following parameters have non-default value.
general.maxThreads
INFO: [Timing 38-480] Writing timing data to binary archive.
Writing XDEF routing.
Writing XDEF routing logical nets.
Writing XDEF routing special nets.
Write XDEF Complete: Time (s): cpu = 00:00:00 ; elapsed = 00:00:00.210 . Memory (MB): peak = 1960.203 ; gain = 0.000
INFO: [Common 17-1381] The checkpoint 'C:/Users/frezy/NYU-6463-RV32I_Processor_Design/final_project/final_project.runs/impl_1/Board_placed.dcp' has been generated.
INFO: [runtcl-4] Executing : report_io -file Board_io_placed.rpt
report_io: Time (s): cpu = 00:00:00 ; elapsed = 00:00:00.029 . Memory (MB): peak = 1960.203 ; gain = 0.000
INFO: [runtcl-4] Executing : report_utilization -file Board_utilization_placed.rpt -pb Board_utilization_placed.pb
INFO: [runtcl-4] Executing : report_control_sets -verbose -file Board_control_sets_placed.rpt
report_control_sets: Time (s): cpu = 00:00:00 ; elapsed = 00:00:00.009 . Memory (MB): peak = 1960.203 ; gain = 0.000
Command: phys_opt_design
Attempting to get a license for feature 'Implementation' and/or device 'xc7a35ti'
INFO: [Common 17-349] Got license for feature 'Implementation' and/or device 'xc7a35ti'
INFO: [Vivado_Tcl 4-383] Design worst setup slack (WNS) is greater than or equal to 0.000 ns. Skipping all physical synthesis optimizations.
INFO: [Vivado_Tcl 4-232] No setup violation found. The netlist was not modified.
INFO: [Common 17-83] Releasing license: Implementation
79 Infos, 41 Warnings, 40 Critical Warnings and 0 Errors encountered.
phys_opt_design completed successfully
INFO: [Common 17-600] The following parameters have non-default value.
general.maxThreads
INFO: [Timing 38-480] Writing timing data to binary archive.
Writing XDEF routing.
Writing XDEF routing logical nets.
Writing XDEF routing special nets.
Write XDEF Complete: Time (s): cpu = 00:00:00 ; elapsed = 00:00:00.209 . Memory (MB): peak = 1960.203 ; gain = 0.000
INFO: [Common 17-1381] The checkpoint 'C:/Users/frezy/NYU-6463-RV32I_Processor_Design/final_project/final_project.runs/impl_1/Board_physopt.dcp' has been generated.
Command: route_design
Attempting to get a license for feature 'Implementation' and/or device 'xc7a35ti'
INFO: [Common 17-349] Got license for feature 'Implementation' and/or device 'xc7a35ti'
Running DRC as a precondition to command route_design
INFO: [DRC 23-27] Running DRC with 8 threads
INFO: [Vivado_Tcl 4-198] DRC finished with 0 Errors, 1 Warnings
INFO: [Vivado_Tcl 4-199] Please refer to the DRC report (report_drc) for more information.


Starting Routing Task
INFO: [Route 35-254] Multithreading enabled for route_design using a maximum of 8 CPUs

Phase 1 Build RT Design
Checksum: PlaceDB: 1013175a ConstDB: 0 ShapeSum: 1b4eea24 RouteDB: 0
Post Restoration Checksum: NetGraph: 77c7fd51 NumContArr: 2e984f6e Constraints: 0 Timing: 0
Phase 1 Build RT Design | Checksum: a6604cbf

Time (s): cpu = 00:00:14 ; elapsed = 00:00:14 . Memory (MB): peak = 1960.203 ; gain = 0.000

Phase 2 Router Initialization

Phase 2.1 Fix Topology Constraints
Phase 2.1 Fix Topology Constraints | Checksum: a6604cbf

Time (s): cpu = 00:00:14 ; elapsed = 00:00:14 . Memory (MB): peak = 1960.203 ; gain = 0.000

Phase 2.2 Pre Route Cleanup
Phase 2.2 Pre Route Cleanup | Checksum: a6604cbf

Time (s): cpu = 00:00:14 ; elapsed = 00:00:14 . Memory (MB): peak = 1960.203 ; gain = 0.000
 Number of Nodes with overlaps = 0

Phase 2.3 Update Timing
Phase 2.3 Update Timing | Checksum: 1f0eb711b

Time (s): cpu = 00:00:14 ; elapsed = 00:00:15 . Memory (MB): peak = 1960.203 ; gain = 0.000
INFO: [Route 35-416] Intermediate Timing Summary | WNS=6.671  | TNS=0.000  | WHS=0.001  | THS=0.000  |


Router Utilization Summary
  Global Vertical Routing Utilization    = 7.97257e-05 %
  Global Horizontal Routing Utilization  = 0.000390422 %
  Routable Net Status*
  *Does not include unroutable nets such as driverless and loadless.
  Run report_route_status for detailed report.
  Number of Failed Nets               = 2654
    (Failed Nets is the sum of unrouted and partially routed nets)
  Number of Unrouted Nets             = 2653
  Number of Partially Routed Nets     = 1
  Number of Node Overlaps             = 0

Phase 2 Router Initialization | Checksum: 21c3f13a6

Time (s): cpu = 00:00:14 ; elapsed = 00:00:15 . Memory (MB): peak = 1962.359 ; gain = 2.156

Phase 3 Initial Routing

Phase 3.1 Global Routing
Phase 3.1 Global Routing | Checksum: 21c3f13a6

Time (s): cpu = 00:00:14 ; elapsed = 00:00:15 . Memory (MB): peak = 1962.359 ; gain = 2.156
Phase 3 Initial Routing | Checksum: 1e45a071e

Time (s): cpu = 00:00:14 ; elapsed = 00:00:15 . Memory (MB): peak = 1963.047 ; gain = 2.844

Phase 4 Rip-up And Reroute

Phase 4.1 Global Iteration 0
 Number of Nodes with overlaps = 394
 Number of Nodes with overlaps = 2
 Number of Nodes with overlaps = 0
INFO: [Route 35-416] Intermediate Timing Summary | WNS=6.672  | TNS=0.000  | WHS=N/A    | THS=N/A    |

Phase 4.1 Global Iteration 0 | Checksum: 1c89f954d

Time (s): cpu = 00:00:14 ; elapsed = 00:00:16 . Memory (MB): peak = 1963.047 ; gain = 2.844
Phase 4 Rip-up And Reroute | Checksum: 1c89f954d

Time (s): cpu = 00:00:14 ; elapsed = 00:00:16 . Memory (MB): peak = 1963.047 ; gain = 2.844

Phase 5 Delay and Skew Optimization

Phase 5.1 Delay CleanUp
Phase 5.1 Delay CleanUp | Checksum: 1c89f954d

Time (s): cpu = 00:00:14 ; elapsed = 00:00:16 . Memory (MB): peak = 1963.047 ; gain = 2.844

Phase 5.2 Clock Skew Optimization
Phase 5.2 Clock Skew Optimization | Checksum: 1c89f954d

Time (s): cpu = 00:00:14 ; elapsed = 00:00:16 . Memory (MB): peak = 1963.047 ; gain = 2.844
Phase 5 Delay and Skew Optimization | Checksum: 1c89f954d

Time (s): cpu = 00:00:14 ; elapsed = 00:00:16 . Memory (MB): peak = 1963.047 ; gain = 2.844

Phase 6 Post Hold Fix

Phase 6.1 Hold Fix Iter

Phase 6.1.1 Update Timing
Phase 6.1.1 Update Timing | Checksum: 11dedba8c

Time (s): cpu = 00:00:14 ; elapsed = 00:00:16 . Memory (MB): peak = 1963.047 ; gain = 2.844
INFO: [Route 35-416] Intermediate Timing Summary | WNS=6.766  | TNS=0.000  | WHS=0.292  | THS=0.000  |

Phase 6.1 Hold Fix Iter | Checksum: 11dedba8c

Time (s): cpu = 00:00:15 ; elapsed = 00:00:16 . Memory (MB): peak = 1963.047 ; gain = 2.844
Phase 6 Post Hold Fix | Checksum: 11dedba8c

Time (s): cpu = 00:00:15 ; elapsed = 00:00:16 . Memory (MB): peak = 1963.047 ; gain = 2.844

Phase 7 Route finalize

Router Utilization Summary
  Global Vertical Routing Utilization    = 1.25696 %
  Global Horizontal Routing Utilization  = 1.55466 %
  Routable Net Status*
  *Does not include unroutable nets such as driverless and loadless.
  Run report_route_status for detailed report.
  Number of Failed Nets               = 0
    (Failed Nets is the sum of unrouted and partially routed nets)
  Number of Unrouted Nets             = 0
  Number of Partially Routed Nets     = 0
  Number of Node Overlaps             = 0

Phase 7 Route finalize | Checksum: 11dedba8c

Time (s): cpu = 00:00:15 ; elapsed = 00:00:16 . Memory (MB): peak = 1963.047 ; gain = 2.844

Phase 8 Verifying routed nets

 Verification completed successfully
Phase 8 Verifying routed nets | Checksum: 11dedba8c

Time (s): cpu = 00:00:15 ; elapsed = 00:00:16 . Memory (MB): peak = 1963.262 ; gain = 3.059

Phase 9 Depositing Routes
Phase 9 Depositing Routes | Checksum: d3f630c0

Time (s): cpu = 00:00:15 ; elapsed = 00:00:16 . Memory (MB): peak = 1963.262 ; gain = 3.059

Phase 10 Post Router Timing
INFO: [Route 35-57] Estimated Timing Summary | WNS=6.766  | TNS=0.000  | WHS=0.292  | THS=0.000  |

INFO: [Route 35-327] The final timing numbers are based on the router estimated timing analysis. For a complete and accurate timing signoff, please run report_timing_summary.
Phase 10 Post Router Timing | Checksum: d3f630c0

Time (s): cpu = 00:00:15 ; elapsed = 00:00:16 . Memory (MB): peak = 1963.262 ; gain = 3.059
INFO: [Route 35-16] Router Completed Successfully

Time (s): cpu = 00:00:15 ; elapsed = 00:00:16 . Memory (MB): peak = 1963.262 ; gain = 3.059

Routing Is Done.
INFO: [Common 17-83] Releasing license: Implementation
94 Infos, 41 Warnings, 40 Critical Warnings and 0 Errors encountered.
route_design completed successfully
route_design: Time (s): cpu = 00:00:16 ; elapsed = 00:00:17 . Memory (MB): peak = 1963.262 ; gain = 3.059
INFO: [Common 17-600] The following parameters have non-default value.
general.maxThreads
INFO: [Timing 38-480] Writing timing data to binary archive.
Writing XDEF routing.
Writing XDEF routing logical nets.
Writing XDEF routing special nets.
Write XDEF Complete: Time (s): cpu = 00:00:00 ; elapsed = 00:00:00.240 . Memory (MB): peak = 1963.262 ; gain = 0.000
INFO: [Common 17-1381] The checkpoint 'C:/Users/frezy/NYU-6463-RV32I_Processor_Design/final_project/final_project.runs/impl_1/Board_routed.dcp' has been generated.
INFO: [runtcl-4] Executing : report_drc -file Board_drc_routed.rpt -pb Board_drc_routed.pb -rpx Board_drc_routed.rpx
Command: report_drc -file Board_drc_routed.rpt -pb Board_drc_routed.pb -rpx Board_drc_routed.rpx
INFO: [IP_Flow 19-1839] IP Catalog is up to date.
INFO: [DRC 23-27] Running DRC with 8 threads
INFO: [Vivado_Tcl 2-168] The results of DRC are in file C:/Users/frezy/NYU-6463-RV32I_Processor_Design/final_project/final_project.runs/impl_1/Board_drc_routed.rpt.
report_drc completed successfully
INFO: [runtcl-4] Executing : report_methodology -file Board_methodology_drc_routed.rpt -pb Board_methodology_drc_routed.pb -rpx Board_methodology_drc_routed.rpx
Command: report_methodology -file Board_methodology_drc_routed.rpt -pb Board_methodology_drc_routed.pb -rpx Board_methodology_drc_routed.rpx
INFO: [Timing 38-35] Done setting XDC timing constraints.
INFO: [DRC 23-133] Running Methodology with 8 threads
INFO: [Vivado_Tcl 2-1520] The results of Report Methodology are in file C:/Users/frezy/NYU-6463-RV32I_Processor_Design/final_project/final_project.runs/impl_1/Board_methodology_drc_routed.rpt.
report_methodology completed successfully
INFO: [runtcl-4] Executing : report_power -file Board_power_routed.rpt -pb Board_power_summary_routed.pb -rpx Board_power_routed.rpx
Command: report_power -file Board_power_routed.rpt -pb Board_power_summary_routed.pb -rpx Board_power_routed.rpx
INFO: [Timing 38-35] Done setting XDC timing constraints.
Running Vector-less Activity Propagation...

Finished Running Vector-less Activity Propagation
107 Infos, 41 Warnings, 40 Critical Warnings and 0 Errors encountered.
report_power completed successfully
INFO: [runtcl-4] Executing : report_route_status -file Board_route_status.rpt -pb Board_route_status.pb
INFO: [runtcl-4] Executing : report_timing_summary -max_paths 10 -report_unconstrained -file Board_timing_summary_routed.rpt -pb Board_timing_summary_routed.pb -rpx Board_timing_summary_routed.rpx -warn_on_violation 
INFO: [Timing 38-91] UpdateTimingParams: Speed grade: -1L, Delay Type: min_max.
INFO: [Timing 38-191] Multithreading enabled for timing update using a maximum of 8 CPUs
INFO: [runtcl-4] Executing : report_incremental_reuse -file Board_incremental_reuse_routed.rpt
INFO: [Vivado_Tcl 4-1062] Incremental flow is disabled. No incremental reuse Info to report.
INFO: [runtcl-4] Executing : report_clock_utilization -file Board_clock_utilization_routed.rpt
INFO: [runtcl-4] Executing : report_bus_skew -warn_on_violation -file Board_bus_skew_routed.rpt -pb Board_bus_skew_routed.pb -rpx Board_bus_skew_routed.rpx
INFO: [Timing 38-91] UpdateTimingParams: Speed grade: -1L, Delay Type: min_max.
INFO: [Timing 38-191] Multithreading enabled for timing update using a maximum of 8 CPUs
Command: write_bitstream -force Board.bit
Attempting to get a license for feature 'Implementation' and/or device 'xc7a35ti'
INFO: [Common 17-349] Got license for feature 'Implementation' and/or device 'xc7a35ti'
Running DRC as a precondition to command write_bitstream
INFO: [IP_Flow 19-1839] IP Catalog is up to date.
INFO: [DRC 23-27] Running DRC with 8 threads
WARNING: [DRC CFGBVS-1] Missing CFGBVS and CONFIG_VOLTAGE Design Properties: Neither the CFGBVS nor CONFIG_VOLTAGE voltage property is set in the current_design.  Configuration bank voltage select (CFGBVS) must be set to VCCO or GND, and CONFIG_VOLTAGE must be set to the correct configuration voltage, in order to determine the I/O voltage support for the pins in bank 0.  It is suggested to specify these either using the 'Edit Device Properties' function in the GUI or directly in the XDC file using the following syntax:

 set_property CFGBVS value1 [current_design]
 #where value1 is either VCCO or GND

 set_property CONFIG_VOLTAGE value2 [current_design]
 #where value2 is the voltage provided to configuration bank 0

Refer to the device configuration user guide for more information.
WARNING: [DRC CHECK-3] Report rule limit reached: REQP-1840 rule limit reached: 20 violations have been found.
WARNING: [DRC REQP-1840] RAMB18 async control check: The RAMB18E1 Head/data/rom_data_reg has an input control pin Head/data/rom_data_reg/ADDRARDADDR[5] (net: Head/data/A[1]) which is driven by a register (Head/ProgramCounter/PC_outputAddress_reg[0]) that has an active asychronous set or reset. This may cause corruption of the memory contents and/or read values when the set/reset is asserted and is not analyzed by the default static timing analysis. It is suggested to eliminate the use of a set/reset to registers driving this RAMB pin or else use a synchronous reset in which the assertion of the reset is timed by default.
WARNING: [DRC REQP-1840] RAMB18 async control check: The RAMB18E1 Head/data/rom_data_reg has an input control pin Head/data/rom_data_reg/ADDRARDADDR[5] (net: Head/data/A[1]) which is driven by a register (Head/ProgramCounter/PC_outputAddress_reg[10]) that has an active asychronous set or reset. This may cause corruption of the memory contents and/or read values when the set/reset is asserted and is not analyzed by the default static timing analysis. It is suggested to eliminate the use of a set/reset to registers driving this RAMB pin or else use a synchronous reset in which the assertion of the reset is timed by default.
WARNING: [DRC REQP-1840] RAMB18 async control check: The RAMB18E1 Head/data/rom_data_reg has an input control pin Head/data/rom_data_reg/ADDRARDADDR[5] (net: Head/data/A[1]) which is driven by a register (Head/ProgramCounter/PC_outputAddress_reg[11]) that has an active asychronous set or reset. This may cause corruption of the memory contents and/or read values when the set/reset is asserted and is not analyzed by the default static timing analysis. It is suggested to eliminate the use of a set/reset to registers driving this RAMB pin or else use a synchronous reset in which the assertion of the reset is timed by default.
WARNING: [DRC REQP-1840] RAMB18 async control check: The RAMB18E1 Head/data/rom_data_reg has an input control pin Head/data/rom_data_reg/ADDRARDADDR[5] (net: Head/data/A[1]) which is driven by a register (Head/ProgramCounter/PC_outputAddress_reg[12]) that has an active asychronous set or reset. This may cause corruption of the memory contents and/or read values when the set/reset is asserted and is not analyzed by the default static timing analysis. It is suggested to eliminate the use of a set/reset to registers driving this RAMB pin or else use a synchronous reset in which the assertion of the reset is timed by default.
WARNING: [DRC REQP-1840] RAMB18 async control check: The RAMB18E1 Head/data/rom_data_reg has an input control pin Head/data/rom_data_reg/ADDRARDADDR[5] (net: Head/data/A[1]) which is driven by a register (Head/ProgramCounter/PC_outputAddress_reg[13]) that has an active asychronous set or reset. This may cause corruption of the memory contents and/or read values when the set/reset is asserted and is not analyzed by the default static timing analysis. It is suggested to eliminate the use of a set/reset to registers driving this RAMB pin or else use a synchronous reset in which the assertion of the reset is timed by default.
WARNING: [DRC REQP-1840] RAMB18 async control check: The RAMB18E1 Head/data/rom_data_reg has an input control pin Head/data/rom_data_reg/ADDRARDADDR[5] (net: Head/data/A[1]) which is driven by a register (Head/ProgramCounter/PC_outputAddress_reg[14]) that has an active asychronous set or reset. This may cause corruption of the memory contents and/or read values when the set/reset is asserted and is not analyzed by the default static timing analysis. It is suggested to eliminate the use of a set/reset to registers driving this RAMB pin or else use a synchronous reset in which the assertion of the reset is timed by default.
WARNING: [DRC REQP-1840] RAMB18 async control check: The RAMB18E1 Head/data/rom_data_reg has an input control pin Head/data/rom_data_reg/ADDRARDADDR[5] (net: Head/data/A[1]) which is driven by a register (Head/ProgramCounter/PC_outputAddress_reg[15]) that has an active asychronous set or reset. This may cause corruption of the memory contents and/or read values when the set/reset is asserted and is not analyzed by the default static timing analysis. It is suggested to eliminate the use of a set/reset to registers driving this RAMB pin or else use a synchronous reset in which the assertion of the reset is timed by default.
WARNING: [DRC REQP-1840] RAMB18 async control check: The RAMB18E1 Head/data/rom_data_reg has an input control pin Head/data/rom_data_reg/ADDRARDADDR[5] (net: Head/data/A[1]) which is driven by a register (Head/ProgramCounter/PC_outputAddress_reg[16]) that has an active asychronous set or reset. This may cause corruption of the memory contents and/or read values when the set/reset is asserted and is not analyzed by the default static timing analysis. It is suggested to eliminate the use of a set/reset to registers driving this RAMB pin or else use a synchronous reset in which the assertion of the reset is timed by default.
WARNING: [DRC REQP-1840] RAMB18 async control check: The RAMB18E1 Head/data/rom_data_reg has an input control pin Head/data/rom_data_reg/ADDRARDADDR[5] (net: Head/data/A[1]) which is driven by a register (Head/ProgramCounter/PC_outputAddress_reg[17]) that has an active asychronous set or reset. This may cause corruption of the memory contents and/or read values when the set/reset is asserted and is not analyzed by the default static timing analysis. It is suggested to eliminate the use of a set/reset to registers driving this RAMB pin or else use a synchronous reset in which the assertion of the reset is timed by default.
WARNING: [DRC REQP-1840] RAMB18 async control check: The RAMB18E1 Head/data/rom_data_reg has an input control pin Head/data/rom_data_reg/ADDRARDADDR[5] (net: Head/data/A[1]) which is driven by a register (Head/ProgramCounter/PC_outputAddress_reg[18]) that has an active asychronous set or reset. This may cause corruption of the memory contents and/or read values when the set/reset is asserted and is not analyzed by the default static timing analysis. It is suggested to eliminate the use of a set/reset to registers driving this RAMB pin or else use a synchronous reset in which the assertion of the reset is timed by default.
WARNING: [DRC REQP-1840] RAMB18 async control check: The RAMB18E1 Head/data/rom_data_reg has an input control pin Head/data/rom_data_reg/ADDRARDADDR[5] (net: Head/data/A[1]) which is driven by a register (Head/ProgramCounter/PC_outputAddress_reg[19]) that has an active asychronous set or reset. This may cause corruption of the memory contents and/or read values when the set/reset is asserted and is not analyzed by the default static timing analysis. It is suggested to eliminate the use of a set/reset to registers driving this RAMB pin or else use a synchronous reset in which the assertion of the reset is timed by default.
WARNING: [DRC REQP-1840] RAMB18 async control check: The RAMB18E1 Head/data/rom_data_reg has an input control pin Head/data/rom_data_reg/ADDRARDADDR[5] (net: Head/data/A[1]) which is driven by a register (Head/ProgramCounter/PC_outputAddress_reg[1]) that has an active asychronous set or reset. This may cause corruption of the memory contents and/or read values when the set/reset is asserted and is not analyzed by the default static timing analysis. It is suggested to eliminate the use of a set/reset to registers driving this RAMB pin or else use a synchronous reset in which the assertion of the reset is timed by default.
WARNING: [DRC REQP-1840] RAMB18 async control check: The RAMB18E1 Head/data/rom_data_reg has an input control pin Head/data/rom_data_reg/ADDRARDADDR[5] (net: Head/data/A[1]) which is driven by a register (Head/ProgramCounter/PC_outputAddress_reg[20]) that has an active asychronous set or reset. This may cause corruption of the memory contents and/or read values when the set/reset is asserted and is not analyzed by the default static timing analysis. It is suggested to eliminate the use of a set/reset to registers driving this RAMB pin or else use a synchronous reset in which the assertion of the reset is timed by default.
WARNING: [DRC REQP-1840] RAMB18 async control check: The RAMB18E1 Head/data/rom_data_reg has an input control pin Head/data/rom_data_reg/ADDRARDADDR[5] (net: Head/data/A[1]) which is driven by a register (Head/ProgramCounter/PC_outputAddress_reg[21]) that has an active asychronous set or reset. This may cause corruption of the memory contents and/or read values when the set/reset is asserted and is not analyzed by the default static timing analysis. It is suggested to eliminate the use of a set/reset to registers driving this RAMB pin or else use a synchronous reset in which the assertion of the reset is timed by default.
WARNING: [DRC REQP-1840] RAMB18 async control check: The RAMB18E1 Head/data/rom_data_reg has an input control pin Head/data/rom_data_reg/ADDRARDADDR[5] (net: Head/data/A[1]) which is driven by a register (Head/ProgramCounter/PC_outputAddress_reg[22]) that has an active asychronous set or reset. This may cause corruption of the memory contents and/or read values when the set/reset is asserted and is not analyzed by the default static timing analysis. It is suggested to eliminate the use of a set/reset to registers driving this RAMB pin or else use a synchronous reset in which the assertion of the reset is timed by default.
WARNING: [DRC REQP-1840] RAMB18 async control check: The RAMB18E1 Head/data/rom_data_reg has an input control pin Head/data/rom_data_reg/ADDRARDADDR[5] (net: Head/data/A[1]) which is driven by a register (Head/ProgramCounter/PC_outputAddress_reg[23]) that has an active asychronous set or reset. This may cause corruption of the memory contents and/or read values when the set/reset is asserted and is not analyzed by the default static timing analysis. It is suggested to eliminate the use of a set/reset to registers driving this RAMB pin or else use a synchronous reset in which the assertion of the reset is timed by default.
WARNING: [DRC REQP-1840] RAMB18 async control check: The RAMB18E1 Head/data/rom_data_reg has an input control pin Head/data/rom_data_reg/ADDRARDADDR[5] (net: Head/data/A[1]) which is driven by a register (Head/ProgramCounter/PC_outputAddress_reg[30]) that has an active asychronous set or reset. This may cause corruption of the memory contents and/or read values when the set/reset is asserted and is not analyzed by the default static timing analysis. It is suggested to eliminate the use of a set/reset to registers driving this RAMB pin or else use a synchronous reset in which the assertion of the reset is timed by default.
WARNING: [DRC REQP-1840] RAMB18 async control check: The RAMB18E1 Head/data/rom_data_reg has an input control pin Head/data/rom_data_reg/ADDRARDADDR[5] (net: Head/data/A[1]) which is driven by a register (Head/ProgramCounter/PC_outputAddress_reg[4]) that has an active asychronous set or reset. This may cause corruption of the memory contents and/or read values when the set/reset is asserted and is not analyzed by the default static timing analysis. It is suggested to eliminate the use of a set/reset to registers driving this RAMB pin or else use a synchronous reset in which the assertion of the reset is timed by default.
WARNING: [DRC REQP-1840] RAMB18 async control check: The RAMB18E1 Head/data/rom_data_reg has an input control pin Head/data/rom_data_reg/ADDRARDADDR[5] (net: Head/data/A[1]) which is driven by a register (Head/ProgramCounter/PC_outputAddress_reg[5]) that has an active asychronous set or reset. This may cause corruption of the memory contents and/or read values when the set/reset is asserted and is not analyzed by the default static timing analysis. It is suggested to eliminate the use of a set/reset to registers driving this RAMB pin or else use a synchronous reset in which the assertion of the reset is timed by default.
WARNING: [DRC REQP-1840] RAMB18 async control check: The RAMB18E1 Head/data/rom_data_reg has an input control pin Head/data/rom_data_reg/ADDRARDADDR[5] (net: Head/data/A[1]) which is driven by a register (Head/ProgramCounter/PC_outputAddress_reg[9]) that has an active asychronous set or reset. This may cause corruption of the memory contents and/or read values when the set/reset is asserted and is not analyzed by the default static timing analysis. It is suggested to eliminate the use of a set/reset to registers driving this RAMB pin or else use a synchronous reset in which the assertion of the reset is timed by default.
INFO: [Vivado 12-3199] DRC finished with 0 Errors, 22 Warnings
INFO: [Vivado 12-3200] Please refer to the DRC report (report_drc) for more information.
INFO: [Designutils 20-2272] Running write_bitstream with 8 threads.
Loading data files...
Loading site data...
Loading route data...
Processing options...
Creating bitmap...
Creating bitstream...
Writing bitstream ./Board.bit...
INFO: [Vivado 12-1842] Bitgen Completed Successfully.
INFO: [Project 1-1876] WebTalk data collection is mandatory when using a ULT device. To see the specific WebTalk data collected for your design, open the usage_statistics_webtalk.html or usage_statistics_webtalk.xml file in the implementation directory.
INFO: [Common 17-83] Releasing license: Implementation
12 Infos, 22 Warnings, 0 Critical Warnings and 0 Errors encountered.
write_bitstream completed successfully
write_bitstream: Time (s): cpu = 00:00:09 ; elapsed = 00:00:08 . Memory (MB): peak = 2411.488 ; gain = 382.441
INFO: [Common 17-206] Exiting Vivado at Mon Dec 12 19:38:51 2022...
