
*** Running vivado
    with args -log Instruction_decode.vds -m64 -product Vivado -mode batch -messageDb vivado.pb -notrace -source Instruction_decode.tcl



****** Vivado v2022.1 (64-bit)
  **** SW Build 3526262 on Mon Apr 18 15:48:16 MDT 2022
  **** IP Build 3524634 on Mon Apr 18 20:55:01 MDT 2022
    ** Copyright 1986-2022 Xilinx, Inc. All Rights Reserved.

source Instruction_decode.tcl -notrace
Command: synth_design -top Instruction_decode -part xc7a35ticpg236-1L
Starting synth_design
Attempting to get a license for feature 'Synthesis' and/or device 'xc7a35ti'
INFO: [Common 17-349] Got license for feature 'Synthesis' and/or device 'xc7a35ti'
INFO: [Device 21-403] Loading part xc7a35ticpg236-1L
INFO: [Synth 8-7079] Multithreading enabled for synth_design using a maximum of 2 processes.
INFO: [Synth 8-7078] Launching helper process for spawning children vivado processes
INFO: [Synth 8-7075] Helper process launched with PID 17232
ERROR: [Synth 8-9844] non-net port 'clk' cannot be of mode input [C:/Users/frezy/NYU-6463-RV32I_Processor_Design/final_project/final_project.srcs/sources_1/new/Instruction_decode.v:24]
ERROR: [Synth 8-35] 'instr_in' is not a constant [C:/Users/frezy/NYU-6463-RV32I_Processor_Design/final_project/final_project.srcs/sources_1/new/Instruction_decode.v:44]
ERROR: [Synth 8-9250] cannot index into non-array type wire for 'instr_in' [C:/Users/frezy/NYU-6463-RV32I_Processor_Design/final_project/final_project.srcs/sources_1/new/Instruction_decode.v:44]
ERROR: [Synth 8-35] 'instr_in' is not a constant [C:/Users/frezy/NYU-6463-RV32I_Processor_Design/final_project/final_project.srcs/sources_1/new/Instruction_decode.v:45]
ERROR: [Synth 8-9250] cannot index into non-array type wire for 'instr_in' [C:/Users/frezy/NYU-6463-RV32I_Processor_Design/final_project/final_project.srcs/sources_1/new/Instruction_decode.v:45]
ERROR: [Synth 8-35] 'instr_in' is not a constant [C:/Users/frezy/NYU-6463-RV32I_Processor_Design/final_project/final_project.srcs/sources_1/new/Instruction_decode.v:46]
ERROR: [Synth 8-9250] cannot index into non-array type wire for 'instr_in' [C:/Users/frezy/NYU-6463-RV32I_Processor_Design/final_project/final_project.srcs/sources_1/new/Instruction_decode.v:46]
ERROR: [Synth 8-35] 'instr_in' is not a constant [C:/Users/frezy/NYU-6463-RV32I_Processor_Design/final_project/final_project.srcs/sources_1/new/Instruction_decode.v:47]
ERROR: [Synth 8-9250] cannot index into non-array type wire for 'instr_in' [C:/Users/frezy/NYU-6463-RV32I_Processor_Design/final_project/final_project.srcs/sources_1/new/Instruction_decode.v:47]
ERROR: [Synth 8-35] 'instr_in' is not a constant [C:/Users/frezy/NYU-6463-RV32I_Processor_Design/final_project/final_project.srcs/sources_1/new/Instruction_decode.v:48]
ERROR: [Synth 8-9250] cannot index into non-array type wire for 'instr_in' [C:/Users/frezy/NYU-6463-RV32I_Processor_Design/final_project/final_project.srcs/sources_1/new/Instruction_decode.v:48]
ERROR: [Synth 8-35] 'instr_in' is not a constant [C:/Users/frezy/NYU-6463-RV32I_Processor_Design/final_project/final_project.srcs/sources_1/new/Instruction_decode.v:56]
ERROR: [Synth 8-9250] cannot index into non-array type wire for 'instr_in' [C:/Users/frezy/NYU-6463-RV32I_Processor_Design/final_project/final_project.srcs/sources_1/new/Instruction_decode.v:56]
INFO: [Synth 8-8750] module 'Instruction_decode' ignored due to previous errors [C:/Users/frezy/NYU-6463-RV32I_Processor_Design/final_project/final_project.srcs/sources_1/new/Instruction_decode.v:80]
Failed to read verilog 'C:/Users/frezy/NYU-6463-RV32I_Processor_Design/final_project/final_project.srcs/sources_1/new/Instruction_decode.v'
INFO: [Common 17-83] Releasing license: Synthesis
7 Infos, 0 Warnings, 0 Critical Warnings and 14 Errors encountered.
synth_design failed
ERROR: [Common 17-69] Command failed: Synthesis failed - please see the console or run log file for details
INFO: [Common 17-206] Exiting Vivado at Sat Nov 19 03:00:30 2022...
