Time resolution is 1 ps
testing control unit
load test file successfully
testing one line
opcode_load, bc_load, PC_s_load, PC_we_load, Instr_rd_load, RegFile_s_load, RegFile_we_load, Imm_op_load, ALU_s1_load, ALU_s2_load, ALU_op_load, DataMem_rd_load, Data_op_load, Data_s_load, Bc_Op_load, Data_we_load
pass
testing one line
opcode_load, bc_load, PC_s_load, PC_we_load, Instr_rd_load, RegFile_s_load, RegFile_we_load, Imm_op_load, ALU_s1_load, ALU_s2_load, ALU_op_load, DataMem_rd_load, Data_op_load, Data_s_load, Bc_Op_load, Data_we_load
pass
testing one line
opcode_load, bc_load, PC_s_load, PC_we_load, Instr_rd_load, RegFile_s_load, RegFile_we_load, Imm_op_load, ALU_s1_load, ALU_s2_load, ALU_op_load, DataMem_rd_load, Data_op_load, Data_s_load, Bc_Op_load, Data_we_load
pass
testing one line
opcode_load, bc_load, PC_s_load, PC_we_load, Instr_rd_load, RegFile_s_load, RegFile_we_load, Imm_op_load, ALU_s1_load, ALU_s2_load, ALU_op_load, DataMem_rd_load, Data_op_load, Data_s_load, Bc_Op_load, Data_we_load
pass
testing one line
opcode_load, bc_load, PC_s_load, PC_we_load, Instr_rd_load, RegFile_s_load, RegFile_we_load, Imm_op_load, ALU_s1_load, ALU_s2_load, ALU_op_load, DataMem_rd_load, Data_op_load, Data_s_load, Bc_Op_load, Data_we_load
pass
testing one line
opcode_load, bc_load, PC_s_load, PC_we_load, Instr_rd_load, RegFile_s_load, RegFile_we_load, Imm_op_load, ALU_s1_load, ALU_s2_load, ALU_op_load, DataMem_rd_load, Data_op_load, Data_s_load, Bc_Op_load, Data_we_load
pass
testing one line
opcode_load, bc_load, PC_s_load, PC_we_load, Instr_rd_load, RegFile_s_load, RegFile_we_load, Imm_op_load, ALU_s1_load, ALU_s2_load, ALU_op_load, DataMem_rd_load, Data_op_load, Data_s_load, Bc_Op_load, Data_we_load
pass
testing one line
opcode_load, bc_load, PC_s_load, PC_we_load, Instr_rd_load, RegFile_s_load, RegFile_we_load, Imm_op_load, ALU_s1_load, ALU_s2_load, ALU_op_load, DataMem_rd_load, Data_op_load, Data_s_load, Bc_Op_load, Data_we_load
pass
testing one line
opcode_load, bc_load, PC_s_load, PC_we_load, Instr_rd_load, RegFile_s_load, RegFile_we_load, Imm_op_load, ALU_s1_load, ALU_s2_load, ALU_op_load, DataMem_rd_load, Data_op_load, Data_s_load, Bc_Op_load, Data_we_load
pass
testing one line
opcode_load, bc_load, PC_s_load, PC_we_load, Instr_rd_load, RegFile_s_load, RegFile_we_load, Imm_op_load, ALU_s1_load, ALU_s2_load, ALU_op_load, DataMem_rd_load, Data_op_load, Data_s_load, Bc_Op_load, Data_we_load
pass
testing one line
opcode_load, bc_load, PC_s_load, PC_we_load, Instr_rd_load, RegFile_s_load, RegFile_we_load, Imm_op_load, ALU_s1_load, ALU_s2_load, ALU_op_load, DataMem_rd_load, Data_op_load, Data_s_load, Bc_Op_load, Data_we_load
pass
testing one line
opcode_load, bc_load, PC_s_load, PC_we_load, Instr_rd_load, RegFile_s_load, RegFile_we_load, Imm_op_load, ALU_s1_load, ALU_s2_load, ALU_op_load, DataMem_rd_load, Data_op_load, Data_s_load, Bc_Op_load, Data_we_load
pass
testing one line
opcode_load, bc_load, PC_s_load, PC_we_load, Instr_rd_load, RegFile_s_load, RegFile_we_load, Imm_op_load, ALU_s1_load, ALU_s2_load, ALU_op_load, DataMem_rd_load, Data_op_load, Data_s_load, Bc_Op_load, Data_we_load
pass
testing one line
opcode_load, bc_load, PC_s_load, PC_we_load, Instr_rd_load, RegFile_s_load, RegFile_we_load, Imm_op_load, ALU_s1_load, ALU_s2_load, ALU_op_load, DataMem_rd_load, Data_op_load, Data_s_load, Bc_Op_load, Data_we_load
pass
testing one line
opcode_load, bc_load, PC_s_load, PC_we_load, Instr_rd_load, RegFile_s_load, RegFile_we_load, Imm_op_load, ALU_s1_load, ALU_s2_load, ALU_op_load, DataMem_rd_load, Data_op_load, Data_s_load, Bc_Op_load, Data_we_load
pass
testing one line
opcode_load, bc_load, PC_s_load, PC_we_load, Instr_rd_load, RegFile_s_load, RegFile_we_load, Imm_op_load, ALU_s1_load, ALU_s2_load, ALU_op_load, DataMem_rd_load, Data_op_load, Data_s_load, Bc_Op_load, Data_we_load
pass
testing one line
opcode_load, bc_load, PC_s_load, PC_we_load, Instr_rd_load, RegFile_s_load, RegFile_we_load, Imm_op_load, ALU_s1_load, ALU_s2_load, ALU_op_load, DataMem_rd_load, Data_op_load, Data_s_load, Bc_Op_load, Data_we_load
pass
testing one